Neymar follows Xavi
	OK!
clout Xavi
	Xavi has 1 follower.
Neymar follows Messi
	OK!
clout Xavi
	Xavi has no followers.
clout Messi
	Messi has 1 follower.
Messi follows Messi
	Interesting, but that doesn't make sense.
Pique follows Victor Valdes
	OK!
Jordi Alba follows Pique
	OK!
clout Victor Valdes
	Victor Valdes has 2 followers.
clout
	Jordi Alba has no followers.
	Neymar has no followers.
	Messi has 1 follower.
	Pique has 1 follower.
	Xavi has no followers.
	Victor Valdes has 2 followers.
Messi follows Victor Valdes
	OK!
clout Victor Valdes
	Victor Valdes has 4 followers.
